/*C5*/SET SCHEMA PUBLIC
CREATE TABLE IF NOT EXISTS history_ihd (date DATE,opening_price DECIMAL(8,2) NOT NULL,lowest_price DECIMAL(8,2) NOT NULL,highest_price DECIMAL(8,2) NOT NULL,closing_price DECIMAL(8,2) NOT NULL,PRIMARY KEY (date) )
INSERT INTO HISTORY_RETRIEVAL_QUEUE VALUES('IHD','2018-04-01','2018-04-24','AX')
COMMIT
/*C7*/SET SCHEMA PUBLIC
CREATE TABLE IF NOT EXISTS history_iwld (date DATE,opening_price DECIMAL(8,2) NOT NULL,lowest_price DECIMAL(8,2) NOT NULL,highest_price DECIMAL(8,2) NOT NULL,closing_price DECIMAL(8,2) NOT NULL,PRIMARY KEY (date) )
INSERT INTO HISTORY_RETRIEVAL_QUEUE VALUES('IWLD','2017-11-01','2018-04-24','AX')
COMMIT
/*C5*/DELETE FROM HISTORY_RETRIEVAL_QUEUE WHERE TICKER_SYMBOL='IHD' AND START='2018-04-01' AND END='2018-04-24' AND DATASET='AX'
COMMIT
/*C6*/SET SCHEMA PUBLIC
INSERT INTO ALREADY_RETRIEVED_YEAR_MONTH VALUES(2018,'IHD',4)
COMMIT
/*C5*/DISCONNECT
/*C6*/DISCONNECT
/*C8*/SET SCHEMA PUBLIC
INSERT INTO HISTORY_IWLD VALUES('2017-11-01',31.10,30.80,31.10,30.80)
INSERT INTO HISTORY_IWLD VALUES('2017-11-02',31.00,30.99,31.00,30.99)
INSERT INTO HISTORY_IWLD VALUES('2017-11-05',31.12,31.12,31.12,31.12)
INSERT INTO HISTORY_IWLD VALUES('2017-11-06',31.12,31.12,31.13,31.13)
INSERT INTO HISTORY_IWLD VALUES('2017-11-07',31.20,31.06,31.20,31.06)
INSERT INTO HISTORY_IWLD VALUES('2017-11-08',31.13,31.10,31.17,31.10)
INSERT INTO HISTORY_IWLD VALUES('2017-11-09',31.05,31.00,31.05,31.03)
INSERT INTO HISTORY_IWLD VALUES('2017-11-12',31.06,31.03,31.08,31.03)
INSERT INTO HISTORY_IWLD VALUES('2017-11-13',31.15,31.10,31.15,31.10)
INSERT INTO HISTORY_IWLD VALUES('2017-11-14',31.14,31.14,31.14,31.14)
INSERT INTO HISTORY_IWLD VALUES('2017-11-15',31.10,31.08,31.13,31.13)
INSERT INTO HISTORY_IWLD VALUES('2017-11-16',31.13,31.13,31.13,31.13)
INSERT INTO HISTORY_IWLD VALUES('2017-11-19',31.34,31.32,31.43,31.37)
INSERT INTO HISTORY_IWLD VALUES('2017-11-20',31.58,31.56,31.59,31.59)
INSERT INTO HISTORY_IWLD VALUES('2017-11-21',31.67,31.65,31.67,31.65)
INSERT INTO HISTORY_IWLD VALUES('2017-11-22',31.46,31.46,31.55,31.55)
INSERT INTO HISTORY_IWLD VALUES('2017-11-23',31.41,31.41,31.50,31.50)
INSERT INTO HISTORY_IWLD VALUES('2017-11-26',31.66,31.57,31.66,31.65)
INSERT INTO HISTORY_IWLD VALUES('2017-11-27',31.65,31.50,31.65,31.53)
INSERT INTO HISTORY_IWLD VALUES('2017-11-28',31.88,31.88,31.88,31.88)
INSERT INTO HISTORY_IWLD VALUES('2017-11-29',31.89,31.89,31.90,31.90)
INSERT INTO HISTORY_IWLD VALUES('2017-11-30',32.09,32.05,32.09,32.05)
INSERT INTO HISTORY_IWLD VALUES('2017-12-03',32.08,32.05,32.11,32.11)
INSERT INTO HISTORY_IWLD VALUES('2017-12-04',32.00,31.74,32.00,31.74)
INSERT INTO HISTORY_IWLD VALUES('2017-12-05',31.71,31.71,31.79,31.75)
INSERT INTO HISTORY_IWLD VALUES('2017-12-06',31.95,31.94,31.95,31.94)
INSERT INTO HISTORY_IWLD VALUES('2017-12-07',31.94,31.94,31.94,31.94)
INSERT INTO HISTORY_IWLD VALUES('2017-12-10',32.22,32.22,32.22,32.22)
INSERT INTO HISTORY_IWLD VALUES('2017-12-11',32.33,32.33,32.33,32.33)
INSERT INTO HISTORY_IWLD VALUES('2017-12-12',32.20,32.19,32.20,32.19)
INSERT INTO HISTORY_IWLD VALUES('2017-12-13',32.10,31.82,32.10,31.82)
INSERT INTO HISTORY_IWLD VALUES('2017-12-14',31.65,31.64,31.68,31.68)
INSERT INTO HISTORY_IWLD VALUES('2017-12-17',32.05,31.90,32.05,31.98)
INSERT INTO HISTORY_IWLD VALUES('2017-12-18',32.01,32.01,32.06,32.06)
INSERT INTO HISTORY_IWLD VALUES('2017-12-19',31.88,31.88,31.88,31.88)
INSERT INTO HISTORY_IWLD VALUES('2017-12-20',32.05,31.96,32.05,31.96)
INSERT INTO HISTORY_IWLD VALUES('2017-12-21',31.91,31.91,31.93,31.93)
INSERT INTO HISTORY_IWLD VALUES('2017-12-26',31.93,31.82,31.93,31.82)
INSERT INTO HISTORY_IWLD VALUES('2017-12-27',31.78,31.60,31.78,31.62)
INSERT INTO HISTORY_IWLD VALUES('2017-12-28',31.59,31.59,31.59,31.59)
INSERT INTO HISTORY_IWLD VALUES('2018-01-01',31.75,31.50,31.75,31.50)
INSERT INTO HISTORY_IWLD VALUES('2018-01-02',31.63,31.62,31.63,31.62)
INSERT INTO HISTORY_IWLD VALUES('2018-01-03',31.60,31.56,31.60,31.59)
INSERT INTO HISTORY_IWLD VALUES('2018-01-04',31.58,31.58,31.73,31.73)
INSERT INTO HISTORY_IWLD VALUES('2018-01-07',31.82,31.82,31.96,31.96)
INSERT INTO HISTORY_IWLD VALUES('2018-01-08',31.98,31.83,31.98,31.83)
INSERT INTO HISTORY_IWLD VALUES('2018-01-09',32.10,32.10,32.15,32.10)
INSERT INTO HISTORY_IWLD VALUES('2018-01-10',31.90,31.83,31.92,31.92)
INSERT INTO HISTORY_IWLD VALUES('2018-01-11',32.02,32.00,32.07,32.05)
INSERT INTO HISTORY_IWLD VALUES('2018-01-14',32.15,32.15,32.15,32.15)
INSERT INTO HISTORY_IWLD VALUES('2018-01-15',32.17,32.14,32.17,32.16)
INSERT INTO HISTORY_IWLD VALUES('2018-01-16',32.00,31.76,32.00,31.76)
INSERT INTO HISTORY_IWLD VALUES('2018-01-17',32.10,32.10,32.17,32.17)
INSERT INTO HISTORY_IWLD VALUES('2018-01-18',31.88,31.88,31.88,31.88)
INSERT INTO HISTORY_IWLD VALUES('2018-01-21',32.00,31.97,32.06,32.06)
INSERT INTO HISTORY_IWLD VALUES('2018-01-22',32.06,32.06,32.23,32.22)
INSERT INTO HISTORY_IWLD VALUES('2018-01-23',32.37,32.30,32.37,32.30)
INSERT INTO HISTORY_IWLD VALUES('2018-01-24',32.13,32.00,32.13,32.00)
INSERT INTO HISTORY_IWLD VALUES('2018-01-28',32.31,32.25,32.31,32.25)
INSERT INTO HISTORY_IWLD VALUES('2018-01-29',32.23,32.00,32.23,32.00)
INSERT INTO HISTORY_IWLD VALUES('2018-01-30',31.75,31.75,31.91,31.91)
INSERT INTO HISTORY_IWLD VALUES('2018-01-31',31.95,31.95,32.03,32.02)
INSERT INTO HISTORY_IWLD VALUES('2018-02-01',32.05,32.05,32.07,32.07)
INSERT INTO HISTORY_IWLD VALUES('2018-02-04',32.00,31.45,32.00,31.47)
INSERT INTO HISTORY_IWLD VALUES('2018-02-05',30.45,29.59,30.45,29.61)
INSERT INTO HISTORY_IWLD VALUES('2018-02-06',30.56,30.56,31.10,31.04)
INSERT INTO HISTORY_IWLD VALUES('2018-02-07',31.08,30.98,31.08,30.98)
INSERT INTO HISTORY_IWLD VALUES('2018-02-08',30.45,30.45,30.59,30.59)
INSERT INTO HISTORY_IWLD VALUES('2018-02-11',30.71,30.65,30.71,30.65)
INSERT INTO HISTORY_IWLD VALUES('2018-02-12',30.85,30.80,30.85,30.82)
INSERT INTO HISTORY_IWLD VALUES('2018-02-13',30.86,30.59,30.86,30.59)
INSERT INTO HISTORY_IWLD VALUES('2018-02-14',31.00,31.00,31.00,31.00)
INSERT INTO HISTORY_IWLD VALUES('2018-02-15',31.33,31.19,31.35,31.32)
INSERT INTO HISTORY_IWLD VALUES('2018-02-18',31.38,31.38,31.51,31.40)
INSERT INTO HISTORY_IWLD VALUES('2018-02-19',31.28,31.28,31.46,31.46)
INSERT INTO HISTORY_IWLD VALUES('2018-02-20',31.47,31.40,31.47,31.40)
INSERT INTO HISTORY_IWLD VALUES('2018-02-21',31.47,31.38,31.47,31.38)
INSERT INTO HISTORY_IWLD VALUES('2018-02-22',31.52,31.40,31.64,31.48)
INSERT INTO HISTORY_IWLD VALUES('2018-02-25',31.90,31.70,31.90,31.70)
INSERT INTO HISTORY_IWLD VALUES('2018-02-26',31.89,31.89,32.00,32.00)
INSERT INTO HISTORY_IWLD VALUES('2018-02-27',31.82,31.82,31.99,31.99)
INSERT INTO HISTORY_IWLD VALUES('2018-02-28',31.99,31.99,31.99,31.99)
INSERT INTO HISTORY_IWLD VALUES('2018-03-01',31.60,31.17,31.60,31.18)
INSERT INTO HISTORY_IWLD VALUES('2018-03-04',31.40,31.36,31.40,31.36)
INSERT INTO HISTORY_IWLD VALUES('2018-03-05',31.67,31.67,31.68,31.68)
INSERT INTO HISTORY_IWLD VALUES('2018-03-06',31.40,31.37,31.40,31.37)
INSERT INTO HISTORY_IWLD VALUES('2018-03-07',31.63,31.61,31.63,31.61)
INSERT INTO HISTORY_IWLD VALUES('2018-03-08',31.70,31.70,31.90,31.89)
INSERT INTO HISTORY_IWLD VALUES('2018-03-11',31.91,31.91,31.92,31.92)
INSERT INTO HISTORY_IWLD VALUES('2018-03-12',32.00,32.00,32.00,32.00)
INSERT INTO HISTORY_IWLD VALUES('2018-03-13',31.85,31.60,31.85,31.72)
INSERT INTO HISTORY_IWLD VALUES('2018-03-14',31.62,31.62,31.62,31.62)
INSERT INTO HISTORY_IWLD VALUES('2018-03-15',31.89,31.89,32.01,32.01)
INSERT INTO HISTORY_IWLD VALUES('2018-03-18',32.18,32.18,32.18,32.18)
INSERT INTO HISTORY_IWLD VALUES('2018-03-19',32.00,31.89,32.03,31.89)
INSERT INTO HISTORY_IWLD VALUES('2018-03-20',32.19,32.19,32.19,32.19)
INSERT INTO HISTORY_IWLD VALUES('2018-03-21',32.06,31.88,32.06,32.00)
INSERT INTO HISTORY_IWLD VALUES('2018-03-22',31.36,31.10,31.36,31.17)
INSERT INTO HISTORY_IWLD VALUES('2018-03-25',30.98,30.97,31.00,31.00)
INSERT INTO HISTORY_IWLD VALUES('2018-03-26',31.50,31.50,31.50,31.50)
INSERT INTO HISTORY_IWLD VALUES('2018-03-27',31.27,31.22,31.27,31.22)
INSERT INTO HISTORY_IWLD VALUES('2018-03-28',31.39,31.27,31.39,31.27)
INSERT INTO HISTORY_IWLD VALUES('2018-04-03',31.10,30.96,31.10,30.96)
INSERT INTO HISTORY_IWLD VALUES('2018-04-04',31.25,30.99,31.25,31.10)
INSERT INTO HISTORY_IWLD VALUES('2018-04-05',31.47,31.30,31.68,31.63)
INSERT INTO HISTORY_IWLD VALUES('2018-04-06',0.00,0.00,0.00,0.00)
INSERT INTO HISTORY_IWLD VALUES('2018-04-09',31.40,31.40,31.40,31.40)
INSERT INTO HISTORY_IWLD VALUES('2018-04-10',31.45,31.45,31.50,31.50)
INSERT INTO HISTORY_IWLD VALUES('2018-04-11',31.45,31.30,31.45,31.30)
INSERT INTO HISTORY_IWLD VALUES('2018-04-12',31.53,31.53,31.55,31.55)
INSERT INTO HISTORY_IWLD VALUES('2018-04-13',31.55,31.55,31.55,31.55)
INSERT INTO HISTORY_IWLD VALUES('2018-04-16',31.62,31.58,31.62,31.61)
INSERT INTO HISTORY_IWLD VALUES('2018-04-17',31.61,31.61,31.61,31.61)
INSERT INTO HISTORY_IWLD VALUES('2018-04-18',32.07,32.07,32.07,32.07)
INSERT INTO HISTORY_IWLD VALUES('2018-04-19',32.07,31.98,32.11,31.98)
INSERT INTO HISTORY_IWLD VALUES('2018-04-20',32.13,32.13,32.16,32.16)
INSERT INTO HISTORY_IWLD VALUES('2018-04-23',32.26,32.21,32.26,32.21)
COMMIT
/*C7*/DELETE FROM HISTORY_RETRIEVAL_QUEUE WHERE TICKER_SYMBOL='IWLD' AND START='2017-11-01' AND END='2018-04-24' AND DATASET='AX'
COMMIT
INSERT INTO ALREADY_RETRIEVED_YEAR_MONTH VALUES(2017,'IWLD',11)
COMMIT
INSERT INTO ALREADY_RETRIEVED_YEAR_MONTH VALUES(2017,'IWLD',12)
COMMIT
INSERT INTO ALREADY_RETRIEVED_YEAR_MONTH VALUES(2018,'IWLD',1)
COMMIT
INSERT INTO ALREADY_RETRIEVED_YEAR_MONTH VALUES(2018,'IWLD',2)
COMMIT
INSERT INTO ALREADY_RETRIEVED_YEAR_MONTH VALUES(2018,'IWLD',3)
COMMIT
DISCONNECT
/*C8*/DISCONNECT
/*C9*/SET SCHEMA PUBLIC
CREATE TABLE IF NOT EXISTS history_vgs (date DATE,opening_price DECIMAL(8,2) NOT NULL,lowest_price DECIMAL(8,2) NOT NULL,highest_price DECIMAL(8,2) NOT NULL,closing_price DECIMAL(8,2) NOT NULL,PRIMARY KEY (date) )
INSERT INTO HISTORY_RETRIEVAL_QUEUE VALUES('VGS','2017-11-01','2018-04-24','AX')
COMMIT
/*C12*/SET SCHEMA PUBLIC
CREATE TABLE IF NOT EXISTS history_vhy (date DATE,opening_price DECIMAL(8,2) NOT NULL,lowest_price DECIMAL(8,2) NOT NULL,highest_price DECIMAL(8,2) NOT NULL,closing_price DECIMAL(8,2) NOT NULL,PRIMARY KEY (date) )
INSERT INTO HISTORY_RETRIEVAL_QUEUE VALUES('VHY','2017-11-01','2018-04-24','AX')
COMMIT
/*C10*/SET SCHEMA PUBLIC
INSERT INTO HISTORY_VGS VALUES('2017-11-01',64.92,64.48,64.93,64.53)
INSERT INTO HISTORY_VGS VALUES('2017-11-02',64.74,64.74,64.99,64.87)
INSERT INTO HISTORY_VGS VALUES('2017-11-05',65.26,65.03,65.35,65.08)
INSERT INTO HISTORY_VGS VALUES('2017-11-06',65.17,65.10,65.34,65.34)
INSERT INTO HISTORY_VGS VALUES('2017-11-07',65.25,65.20,65.35,65.31)
INSERT INTO HISTORY_VGS VALUES('2017-11-08',65.34,65.17,65.42,65.17)
INSERT INTO HISTORY_VGS VALUES('2017-11-09',64.99,64.89,65.02,65.02)
INSERT INTO HISTORY_VGS VALUES('2017-11-12',65.14,65.04,65.29,65.11)
INSERT INTO HISTORY_VGS VALUES('2017-11-13',65.28,65.06,65.29,65.12)
INSERT INTO HISTORY_VGS VALUES('2017-11-14',65.13,64.96,65.39,65.39)
INSERT INTO HISTORY_VGS VALUES('2017-11-15',65.26,65.08,65.39,65.38)
INSERT INTO HISTORY_VGS VALUES('2017-11-16',65.60,65.50,65.85,65.81)
INSERT INTO HISTORY_VGS VALUES('2017-11-19',65.82,65.54,65.89,65.59)
INSERT INTO HISTORY_VGS VALUES('2017-11-20',65.73,65.73,66.17,66.16)
INSERT INTO HISTORY_VGS VALUES('2017-11-21',66.16,66.00,66.29,66.23)
INSERT INTO HISTORY_VGS VALUES('2017-11-22',65.85,65.82,65.94,65.82)
INSERT INTO HISTORY_VGS VALUES('2017-11-23',65.90,65.84,65.97,65.94)
INSERT INTO HISTORY_VGS VALUES('2017-11-26',66.15,66.13,66.30,66.16)
INSERT INTO HISTORY_VGS VALUES('2017-11-27',66.25,65.99,66.25,65.99)
INSERT INTO HISTORY_VGS VALUES('2017-11-28',66.43,66.43,66.72,66.67)
INSERT INTO HISTORY_VGS VALUES('2017-11-29',66.92,66.56,66.92,66.62)
INSERT INTO HISTORY_VGS VALUES('2017-11-30',67.02,66.91,67.31,67.07)
INSERT INTO HISTORY_VGS VALUES('2017-12-03',67.04,67.01,67.26,67.11)
INSERT INTO HISTORY_VGS VALUES('2017-12-04',66.71,66.30,66.71,66.31)
INSERT INTO HISTORY_VGS VALUES('2017-12-05',66.29,66.26,66.69,66.40)
INSERT INTO HISTORY_VGS VALUES('2017-12-06',66.71,66.68,66.99,66.91)
INSERT INTO HISTORY_VGS VALUES('2017-12-07',67.32,67.29,67.52,67.36)
INSERT INTO HISTORY_VGS VALUES('2017-12-10',67.77,67.57,67.83,67.62)
INSERT INTO HISTORY_VGS VALUES('2017-12-11',67.81,67.70,67.87,67.72)
INSERT INTO HISTORY_VGS VALUES('2017-12-12',67.61,67.19,67.69,67.32)
INSERT INTO HISTORY_VGS VALUES('2017-12-13',67.00,66.63,67.05,66.67)
INSERT INTO HISTORY_VGS VALUES('2017-12-14',66.32,66.21,66.35,66.33)
INSERT INTO HISTORY_VGS VALUES('2017-12-17',66.94,66.94,67.10,66.95)
INSERT INTO HISTORY_VGS VALUES('2017-12-18',67.13,67.13,67.29,67.19)
INSERT INTO HISTORY_VGS VALUES('2017-12-19',67.06,67.03,67.24,67.22)
INSERT INTO HISTORY_VGS VALUES('2017-12-20',66.89,66.86,67.01,66.96)
INSERT INTO HISTORY_VGS VALUES('2017-12-21',66.75,66.69,66.82,66.70)
INSERT INTO HISTORY_VGS VALUES('2017-12-26',66.69,66.47,66.82,66.47)
INSERT INTO HISTORY_VGS VALUES('2017-12-27',66.50,66.20,66.50,66.20)
INSERT INTO HISTORY_VGS VALUES('2017-12-28',67.10,66.10,67.10,66.20)
INSERT INTO HISTORY_VGS VALUES('2018-01-01',66.99,65.54,66.99,65.58)
INSERT INTO HISTORY_VGS VALUES('2018-01-02',65.93,65.81,66.11,66.04)
INSERT INTO HISTORY_VGS VALUES('2018-01-03',66.25,66.23,66.36,66.27)
INSERT INTO HISTORY_VGS VALUES('2018-01-04',66.50,66.48,66.64,66.61)
INSERT INTO HISTORY_VGS VALUES('2018-01-07',66.81,66.81,67.10,67.08)
INSERT INTO HISTORY_VGS VALUES('2018-01-08',67.19,66.91,67.20,67.01)
INSERT INTO HISTORY_VGS VALUES('2018-01-09',67.25,67.25,67.50,67.36)
INSERT INTO HISTORY_VGS VALUES('2018-01-10',67.14,66.85,67.15,66.89)
INSERT INTO HISTORY_VGS VALUES('2018-01-11',67.22,67.08,67.31,67.18)
INSERT INTO HISTORY_VGS VALUES('2018-01-14',67.56,67.36,67.68,67.40)
INSERT INTO HISTORY_VGS VALUES('2018-01-15',67.38,67.23,67.38,67.31)
INSERT INTO HISTORY_VGS VALUES('2018-01-16',67.10,66.81,67.10,67.05)
INSERT INTO HISTORY_VGS VALUES('2018-01-17',67.40,67.21,67.60,67.40)
INSERT INTO HISTORY_VGS VALUES('2018-01-18',67.03,66.75,67.03,66.79)
INSERT INTO HISTORY_VGS VALUES('2018-01-21',67.20,67.18,67.43,67.31)
INSERT INTO HISTORY_VGS VALUES('2018-01-22',67.70,67.67,68.06,68.06)
INSERT INTO HISTORY_VGS VALUES('2018-01-23',67.96,67.88,68.07,67.88)
INSERT INTO HISTORY_VGS VALUES('2018-01-24',67.61,67.32,67.64,67.32)
INSERT INTO HISTORY_VGS VALUES('2018-01-28',67.83,67.73,68.01,67.78)
INSERT INTO HISTORY_VGS VALUES('2018-01-29',67.35,67.00,67.44,67.12)
INSERT INTO HISTORY_VGS VALUES('2018-01-30',66.80,66.67,67.13,67.09)
INSERT INTO HISTORY_VGS VALUES('2018-01-31',67.14,67.12,67.42,67.38)
INSERT INTO HISTORY_VGS VALUES('2018-02-01',67.30,67.10,67.43,67.42)
INSERT INTO HISTORY_VGS VALUES('2018-02-04',66.70,66.15,66.70,66.30)
INSERT INTO HISTORY_VGS VALUES('2018-02-05',64.29,62.03,64.30,62.65)
INSERT INTO HISTORY_VGS VALUES('2018-02-06',64.79,64.79,65.54,65.10)
INSERT INTO HISTORY_VGS VALUES('2018-02-07',65.49,64.86,65.49,65.36)
INSERT INTO HISTORY_VGS VALUES('2018-02-08',64.26,63.85,64.46,64.35)
INSERT INTO HISTORY_VGS VALUES('2018-02-11',64.37,64.27,64.56,64.38)
INSERT INTO HISTORY_VGS VALUES('2018-02-12',64.58,64.40,64.75,64.49)
INSERT INTO HISTORY_VGS VALUES('2018-02-13',64.71,64.49,64.80,64.63)
INSERT INTO HISTORY_VGS VALUES('2018-02-14',65.10,64.97,65.36,65.32)
INSERT INTO HISTORY_VGS VALUES('2018-02-15',65.69,65.66,65.87,65.71)
INSERT INTO HISTORY_VGS VALUES('2018-02-18',66.06,66.06,66.34,66.26)
INSERT INTO HISTORY_VGS VALUES('2018-02-19',66.02,65.75,66.10,65.75)
INSERT INTO HISTORY_VGS VALUES('2018-02-20',65.84,65.69,66.07,65.81)
INSERT INTO HISTORY_VGS VALUES('2018-02-21',66.11,65.80,66.11,65.80)
INSERT INTO HISTORY_VGS VALUES('2018-02-22',66.13,66.11,66.42,66.37)
INSERT INTO HISTORY_VGS VALUES('2018-02-25',66.98,66.69,67.00,66.78)
INSERT INTO HISTORY_VGS VALUES('2018-02-26',67.44,67.32,67.54,67.46)
INSERT INTO HISTORY_VGS VALUES('2018-02-27',67.04,66.90,67.29,67.01)
INSERT INTO HISTORY_VGS VALUES('2018-02-28',66.68,66.54,66.85,66.66)
INSERT INTO HISTORY_VGS VALUES('2018-03-01',65.89,65.58,65.89,65.72)
INSERT INTO HISTORY_VGS VALUES('2018-03-04',65.74,65.56,65.86,65.56)
INSERT INTO HISTORY_VGS VALUES('2018-03-05',66.49,66.29,66.61,66.37)
INSERT INTO HISTORY_VGS VALUES('2018-03-06',65.78,65.59,66.50,65.72)
INSERT INTO HISTORY_VGS VALUES('2018-03-07',66.26,65.98,66.26,66.14)
INSERT INTO HISTORY_VGS VALUES('2018-03-08',66.74,66.68,66.99,66.71)
INSERT INTO HISTORY_VGS VALUES('2018-03-11',67.17,67.05,67.28,67.15)
INSERT INTO HISTORY_VGS VALUES('2018-03-12',66.97,66.82,66.97,66.97)
INSERT INTO HISTORY_VGS VALUES('2018-03-13',66.60,66.43,66.63,66.51)
INSERT INTO HISTORY_VGS VALUES('2018-03-14',66.41,66.13,66.49,66.48)
INSERT INTO HISTORY_VGS VALUES('2018-03-15',67.05,66.98,67.17,66.98)
INSERT INTO HISTORY_VGS VALUES('2018-03-18',67.51,67.45,67.74,67.67)
INSERT INTO HISTORY_VGS VALUES('2018-03-19',67.03,66.96,67.23,67.17)
INSERT INTO HISTORY_VGS VALUES('2018-03-20',67.27,67.18,67.35,67.31)
INSERT INTO HISTORY_VGS VALUES('2018-03-21',66.81,66.56,66.94,66.88)
INSERT INTO HISTORY_VGS VALUES('2018-03-22',65.50,65.00,65.50,65.15)
INSERT INTO HISTORY_VGS VALUES('2018-03-25',64.58,64.51,64.81,64.81)
INSERT INTO HISTORY_VGS VALUES('2018-03-26',65.66,65.51,66.00,65.93)
INSERT INTO HISTORY_VGS VALUES('2018-03-27',65.56,65.14,65.56,65.23)
INSERT INTO HISTORY_VGS VALUES('2018-03-28',65.57,65.34,65.89,65.40)
INSERT INTO HISTORY_VGS VALUES('2018-04-03',65.00,64.61,65.00,64.63)
INSERT INTO HISTORY_VGS VALUES('2018-04-04',65.22,64.79,65.22,64.96)
INSERT INTO HISTORY_VGS VALUES('2018-04-05',65.60,65.45,66.18,65.96)
INSERT INTO HISTORY_VGS VALUES('2018-04-06',0.00,0.00,0.00,0.00)
INSERT INTO HISTORY_VGS VALUES('2018-04-09',65.53,65.43,65.67,65.56)
INSERT INTO HISTORY_VGS VALUES('2018-04-10',65.49,65.46,66.00,65.93)
INSERT INTO HISTORY_VGS VALUES('2018-04-11',65.67,65.52,65.70,65.65)
INSERT INTO HISTORY_VGS VALUES('2018-04-12',65.65,65.54,65.74,65.62)
INSERT INTO HISTORY_VGS VALUES('2018-04-13',65.79,65.65,65.79,65.70)
INSERT INTO HISTORY_VGS VALUES('2018-04-16',66.07,65.85,66.18,66.18)
INSERT INTO HISTORY_VGS VALUES('2018-04-17',66.14,66.08,66.46,66.44)
INSERT INTO HISTORY_VGS VALUES('2018-04-18',66.64,66.64,66.95,66.92)
INSERT INTO HISTORY_VGS VALUES('2018-04-19',66.85,66.60,66.98,66.67)
INSERT INTO HISTORY_VGS VALUES('2018-04-20',66.91,66.86,67.09,67.05)
INSERT INTO HISTORY_VGS VALUES('2018-04-23',67.05,67.00,67.21,67.13)
COMMIT
/*C9*/DELETE FROM HISTORY_RETRIEVAL_QUEUE WHERE TICKER_SYMBOL='VGS' AND START='2017-11-01' AND END='2018-04-24' AND DATASET='AX'
COMMIT
INSERT INTO ALREADY_RETRIEVED_YEAR_MONTH VALUES(2017,'VGS',11)
COMMIT
INSERT INTO ALREADY_RETRIEVED_YEAR_MONTH VALUES(2017,'VGS',12)
COMMIT
INSERT INTO ALREADY_RETRIEVED_YEAR_MONTH VALUES(2018,'VGS',1)
COMMIT
INSERT INTO ALREADY_RETRIEVED_YEAR_MONTH VALUES(2018,'VGS',2)
COMMIT
INSERT INTO ALREADY_RETRIEVED_YEAR_MONTH VALUES(2018,'VGS',3)
COMMIT
DISCONNECT
/*C10*/DISCONNECT
/*C11*/SET SCHEMA PUBLIC
INSERT INTO HISTORY_VHY VALUES('2017-11-01',61.94,61.60,61.97,61.78)
INSERT INTO HISTORY_VHY VALUES('2017-11-02',61.85,61.70,62.00,61.87)
INSERT INTO HISTORY_VHY VALUES('2017-11-05',61.99,61.67,61.99,61.75)
INSERT INTO HISTORY_VHY VALUES('2017-11-06',62.03,62.03,62.34,62.29)
INSERT INTO HISTORY_VHY VALUES('2017-11-07',62.01,62.01,62.44,62.40)
INSERT INTO HISTORY_VHY VALUES('2017-11-08',62.70,62.49,62.76,62.65)
INSERT INTO HISTORY_VHY VALUES('2017-11-09',62.50,62.26,62.50,62.35)
INSERT INTO HISTORY_VHY VALUES('2017-11-12',62.35,62.35,62.66,62.52)
INSERT INTO HISTORY_VHY VALUES('2017-11-13',62.50,62.05,62.54,62.11)
INSERT INTO HISTORY_VHY VALUES('2017-11-14',62.00,61.72,62.00,61.72)
INSERT INTO HISTORY_VHY VALUES('2017-11-15',61.80,61.65,61.90,61.80)
INSERT INTO HISTORY_VHY VALUES('2017-11-16',62.03,61.76,62.18,61.94)
INSERT INTO HISTORY_VHY VALUES('2017-11-19',61.64,61.50,61.75,61.75)
INSERT INTO HISTORY_VHY VALUES('2017-11-20',61.84,61.67,61.84,61.83)
INSERT INTO HISTORY_VHY VALUES('2017-11-21',62.13,61.90,62.20,62.13)
INSERT INTO HISTORY_VHY VALUES('2017-11-22',62.14,61.90,62.17,61.96)
INSERT INTO HISTORY_VHY VALUES('2017-11-23',61.91,61.70,62.06,61.99)
INSERT INTO HISTORY_VHY VALUES('2017-11-26',61.99,61.93,62.21,61.98)
INSERT INTO HISTORY_VHY VALUES('2017-11-27',61.95,61.85,62.10,61.90)
INSERT INTO HISTORY_VHY VALUES('2017-11-28',62.18,62.18,62.50,62.22)
INSERT INTO HISTORY_VHY VALUES('2017-11-29',61.99,61.55,62.20,62.20)
INSERT INTO HISTORY_VHY VALUES('2017-11-30',62.20,61.95,62.31,62.01)
INSERT INTO HISTORY_VHY VALUES('2017-12-03',62.12,61.92,62.20,62.10)
INSERT INTO HISTORY_VHY VALUES('2017-12-04',61.88,61.60,62.06,61.94)
INSERT INTO HISTORY_VHY VALUES('2017-12-05',61.63,61.55,61.94,61.68)
INSERT INTO HISTORY_VHY VALUES('2017-12-06',61.98,61.80,62.26,62.18)
INSERT INTO HISTORY_VHY VALUES('2017-12-07',62.18,62.14,62.45,62.18)
INSERT INTO HISTORY_VHY VALUES('2017-12-10',62.35,62.18,62.44,62.44)
INSERT INTO HISTORY_VHY VALUES('2017-12-11',62.36,62.36,62.60,62.45)
INSERT INTO HISTORY_VHY VALUES('2017-12-12',62.42,62.28,62.56,62.32)
INSERT INTO HISTORY_VHY VALUES('2017-12-13',62.59,62.33,62.74,62.33)
INSERT INTO HISTORY_VHY VALUES('2017-12-14',62.20,62.07,62.29,62.14)
INSERT INTO HISTORY_VHY VALUES('2017-12-17',62.25,62.04,62.45,62.39)
INSERT INTO HISTORY_VHY VALUES('2017-12-18',62.50,62.34,62.58,62.50)
INSERT INTO HISTORY_VHY VALUES('2017-12-19',62.42,62.20,62.43,62.39)
INSERT INTO HISTORY_VHY VALUES('2017-12-20',62.30,62.10,62.35,62.30)
INSERT INTO HISTORY_VHY VALUES('2017-12-21',62.36,62.30,62.41,62.30)
INSERT INTO HISTORY_VHY VALUES('2017-12-26',62.32,62.28,62.50,62.30)
INSERT INTO HISTORY_VHY VALUES('2017-12-27',62.44,62.25,62.60,62.42)
INSERT INTO HISTORY_VHY VALUES('2017-12-28',62.50,62.17,62.50,62.20)
INSERT INTO HISTORY_VHY VALUES('2018-01-01',62.05,61.24,62.10,61.42)
INSERT INTO HISTORY_VHY VALUES('2018-01-02',61.47,61.44,61.61,61.54)
INSERT INTO HISTORY_VHY VALUES('2018-01-03',61.75,61.42,61.85,61.49)
INSERT INTO HISTORY_VHY VALUES('2018-01-04',61.61,61.61,62.20,62.12)
INSERT INTO HISTORY_VHY VALUES('2018-01-07',62.21,62.12,62.37,62.15)
INSERT INTO HISTORY_VHY VALUES('2018-01-08',62.24,62.00,62.29,62.00)
INSERT INTO HISTORY_VHY VALUES('2018-01-09',62.10,61.67,62.19,61.73)
INSERT INTO HISTORY_VHY VALUES('2018-01-10',61.75,61.48,61.75,61.59)
INSERT INTO HISTORY_VHY VALUES('2018-01-11',61.71,61.35,61.71,61.35)
INSERT INTO HISTORY_VHY VALUES('2018-01-14',61.65,61.30,61.65,61.36)
INSERT INTO HISTORY_VHY VALUES('2018-01-15',61.30,60.94,61.30,61.17)
INSERT INTO HISTORY_VHY VALUES('2018-01-16',60.94,60.72,60.94,60.72)
INSERT INTO HISTORY_VHY VALUES('2018-01-17',60.75,60.75,61.13,60.82)
INSERT INTO HISTORY_VHY VALUES('2018-01-18',60.76,60.38,60.86,60.38)
INSERT INTO HISTORY_VHY VALUES('2018-01-21',60.50,60.25,60.50,60.25)
INSERT INTO HISTORY_VHY VALUES('2018-01-22',60.32,60.32,60.63,60.54)
INSERT INTO HISTORY_VHY VALUES('2018-01-23',60.55,60.53,60.74,60.53)
INSERT INTO HISTORY_VHY VALUES('2018-01-24',60.50,60.22,60.56,60.56)
INSERT INTO HISTORY_VHY VALUES('2018-01-28',60.65,60.65,61.08,61.01)
INSERT INTO HISTORY_VHY VALUES('2018-01-29',60.78,60.64,61.05,60.64)
INSERT INTO HISTORY_VHY VALUES('2018-01-30',60.55,60.41,60.99,60.95)
INSERT INTO HISTORY_VHY VALUES('2018-01-31',61.02,61.02,61.36,61.28)
INSERT INTO HISTORY_VHY VALUES('2018-02-01',61.12,61.08,61.50,61.45)
INSERT INTO HISTORY_VHY VALUES('2018-02-04',60.82,60.45,60.82,60.48)
INSERT INTO HISTORY_VHY VALUES('2018-02-05',60.40,58.33,60.40,59.01)
INSERT INTO HISTORY_VHY VALUES('2018-02-06',59.44,59.00,59.62,59.04)
INSERT INTO HISTORY_VHY VALUES('2018-02-07',59.00,58.59,59.17,59.11)
INSERT INTO HISTORY_VHY VALUES('2018-02-08',58.43,58.00,58.69,58.58)
INSERT INTO HISTORY_VHY VALUES('2018-02-11',58.50,58.08,58.58,58.29)
INSERT INTO HISTORY_VHY VALUES('2018-02-12',58.43,58.20,58.61,58.42)
INSERT INTO HISTORY_VHY VALUES('2018-02-13',58.50,58.12,58.54,58.27)
INSERT INTO HISTORY_VHY VALUES('2018-02-14',58.37,58.31,59.00,59.00)
INSERT INTO HISTORY_VHY VALUES('2018-02-15',59.01,58.83,59.20,58.83)
INSERT INTO HISTORY_VHY VALUES('2018-02-18',58.98,58.94,59.36,59.19)
INSERT INTO HISTORY_VHY VALUES('2018-02-19',59.29,59.12,59.47,59.40)
INSERT INTO HISTORY_VHY VALUES('2018-02-20',59.40,59.29,59.68,59.65)
INSERT INTO HISTORY_VHY VALUES('2018-02-21',59.64,59.44,59.95,59.71)
INSERT INTO HISTORY_VHY VALUES('2018-02-22',60.00,59.87,60.26,60.22)
INSERT INTO HISTORY_VHY VALUES('2018-02-25',60.50,60.33,60.65,60.47)
INSERT INTO HISTORY_VHY VALUES('2018-02-26',60.73,60.62,60.88,60.62)
INSERT INTO HISTORY_VHY VALUES('2018-02-27',60.43,60.10,60.57,60.16)
INSERT INTO HISTORY_VHY VALUES('2018-02-28',60.30,59.79,60.30,59.90)
INSERT INTO HISTORY_VHY VALUES('2018-03-01',59.73,59.20,59.73,59.52)
INSERT INTO HISTORY_VHY VALUES('2018-03-04',59.52,59.05,59.52,59.05)
INSERT INTO HISTORY_VHY VALUES('2018-03-05',59.52,59.52,59.96,59.85)
INSERT INTO HISTORY_VHY VALUES('2018-03-06',59.85,59.04,59.85,59.17)
INSERT INTO HISTORY_VHY VALUES('2018-03-07',59.37,59.37,59.70,59.69)
INSERT INTO HISTORY_VHY VALUES('2018-03-08',59.80,59.75,60.12,59.97)
INSERT INTO HISTORY_VHY VALUES('2018-03-11',60.33,60.20,60.55,60.35)
INSERT INTO HISTORY_VHY VALUES('2018-03-12',60.27,59.75,60.27,59.90)
INSERT INTO HISTORY_VHY VALUES('2018-03-13',59.66,59.41,59.66,59.49)
INSERT INTO HISTORY_VHY VALUES('2018-03-14',59.29,59.11,59.62,59.29)
INSERT INTO HISTORY_VHY VALUES('2018-03-15',59.55,59.45,59.80,59.80)
INSERT INTO HISTORY_VHY VALUES('2018-03-18',59.99,59.40,59.99,59.64)
INSERT INTO HISTORY_VHY VALUES('2018-03-19',59.40,59.30,59.48,59.48)
INSERT INTO HISTORY_VHY VALUES('2018-03-20',59.56,59.49,59.74,59.61)
INSERT INTO HISTORY_VHY VALUES('2018-03-21',59.62,59.13,59.62,59.31)
INSERT INTO HISTORY_VHY VALUES('2018-03-22',58.63,58.11,58.63,58.18)
INSERT INTO HISTORY_VHY VALUES('2018-03-25',58.00,57.73,58.00,57.80)
INSERT INTO HISTORY_VHY VALUES('2018-03-26',58.24,58.05,58.39,58.39)
INSERT INTO HISTORY_VHY VALUES('2018-03-27',57.88,57.78,57.98,57.81)
INSERT INTO HISTORY_VHY VALUES('2018-03-28',57.95,57.56,58.06,57.56)
INSERT INTO HISTORY_VHY VALUES('2018-04-03',57.45,56.19,57.45,56.19)
INSERT INTO HISTORY_VHY VALUES('2018-04-04',56.45,55.92,56.46,56.23)
INSERT INTO HISTORY_VHY VALUES('2018-04-05',56.52,56.33,56.71,56.60)
INSERT INTO HISTORY_VHY VALUES('2018-04-06',0.00,0.00,0.00,0.00)
INSERT INTO HISTORY_VHY VALUES('2018-04-09',56.49,56.33,56.95,56.93)
INSERT INTO HISTORY_VHY VALUES('2018-04-10',56.79,56.79,57.42,57.42)
INSERT INTO HISTORY_VHY VALUES('2018-04-11',57.32,56.80,57.32,56.99)
INSERT INTO HISTORY_VHY VALUES('2018-04-12',56.78,56.51,56.85,56.62)
INSERT INTO HISTORY_VHY VALUES('2018-04-13',56.75,56.64,57.00,56.88)
INSERT INTO HISTORY_VHY VALUES('2018-04-16',56.88,56.88,57.33,56.98)
INSERT INTO HISTORY_VHY VALUES('2018-04-17',57.10,56.96,57.35,56.96)
INSERT INTO HISTORY_VHY VALUES('2018-04-18',57.14,57.00,57.21,57.13)
INSERT INTO HISTORY_VHY VALUES('2018-04-19',57.42,57.20,57.52,57.25)
INSERT INTO HISTORY_VHY VALUES('2018-04-20',57.14,57.02,57.31,57.04)
INSERT INTO HISTORY_VHY VALUES('2018-04-23',57.05,57.04,57.44,57.35)
COMMIT
/*C12*/DELETE FROM HISTORY_RETRIEVAL_QUEUE WHERE TICKER_SYMBOL='VHY' AND START='2017-11-01' AND END='2018-04-24' AND DATASET='AX'
COMMIT
INSERT INTO ALREADY_RETRIEVED_YEAR_MONTH VALUES(2017,'VHY',11)
COMMIT
INSERT INTO ALREADY_RETRIEVED_YEAR_MONTH VALUES(2017,'VHY',12)
COMMIT
INSERT INTO ALREADY_RETRIEVED_YEAR_MONTH VALUES(2018,'VHY',1)
COMMIT
INSERT INTO ALREADY_RETRIEVED_YEAR_MONTH VALUES(2018,'VHY',2)
COMMIT
INSERT INTO ALREADY_RETRIEVED_YEAR_MONTH VALUES(2018,'VHY',3)
COMMIT
DISCONNECT
/*C11*/DISCONNECT
